0 info it worked if it ends with ok
1 verbose cli [ '/Users/jamesblack/.nvm/versions/node/v0.12.7/bin/node',
1 verbose cli   '/Users/jamesblack/.nvm/versions/node/v0.12.7/bin/npm',
1 verbose cli   'install',
1 verbose cli   '--save',
1 verbose cli   'reflux' ]
2 info using npm@2.11.3
3 info using node@v0.12.7
4 verbose install initial load of /Users/jamesblack/src/emptyclipgaming/game/package.json
5 warn package.json game@0.0.0 No repository field.
6 warn package.json game@0.0.0 No README data
7 verbose installManyTop reading scoped package data from /Users/jamesblack/src/emptyclipgaming/game/node_modules/babel-core/package.json
8 verbose installManyTop reading scoped package data from /Users/jamesblack/src/emptyclipgaming/game/node_modules/babel-loader/package.json
9 verbose installManyTop reading scoped package data from /Users/jamesblack/src/emptyclipgaming/game/node_modules/babylon/package.json
10 verbose installManyTop reading scoped package data from /Users/jamesblack/src/emptyclipgaming/game/node_modules/css-loader/package.json
11 verbose installManyTop reading scoped package data from /Users/jamesblack/src/emptyclipgaming/game/node_modules/eslint/package.json
12 verbose installManyTop reading scoped package data from /Users/jamesblack/src/emptyclipgaming/game/node_modules/eslint-plugin-react/package.json
13 verbose installManyTop reading scoped package data from /Users/jamesblack/src/emptyclipgaming/game/node_modules/express/package.json
14 verbose installManyTop reading scoped package data from /Users/jamesblack/src/emptyclipgaming/game/node_modules/http-proxy/package.json
15 verbose installManyTop reading scoped package data from /Users/jamesblack/src/emptyclipgaming/game/node_modules/node-libs-browser/package.json
16 verbose installManyTop reading scoped package data from /Users/jamesblack/src/emptyclipgaming/game/node_modules/react/package.json
17 verbose installManyTop reading scoped package data from /Users/jamesblack/src/emptyclipgaming/game/node_modules/react-router/package.json
18 verbose installManyTop reading scoped package data from /Users/jamesblack/src/emptyclipgaming/game/node_modules/style-loader/package.json
19 verbose installManyTop reading scoped package data from /Users/jamesblack/src/emptyclipgaming/game/node_modules/webpack/package.json
20 verbose installManyTop reading scoped package data from /Users/jamesblack/src/emptyclipgaming/game/node_modules/webpack-dev-server/package.json
21 verbose readDependencies loading dependencies from /Users/jamesblack/src/emptyclipgaming/game/package.json
22 silly cache add args [ 'reflux', null ]
23 verbose cache add spec reflux
24 silly cache add parsed spec { raw: 'reflux',
24 silly cache add   scope: null,
24 silly cache add   name: 'reflux',
24 silly cache add   rawSpec: '',
24 silly cache add   spec: '*',
24 silly cache add   type: 'range' }
25 silly addNamed reflux@*
26 verbose addNamed "*" is a valid semver range for reflux
27 silly addNameRange { name: 'reflux', range: '*', hasData: false }
28 silly mapToRegistry name reflux
29 silly mapToRegistry using default registry
30 silly mapToRegistry registry https://vivintsolar.artifactoryonline.com/vivintsolar/api/npm/npm-virtual
31 silly mapToRegistry uri https://vivintsolar.artifactoryonline.com/vivintsolar/api/npm/npm-virtual/reflux
32 verbose addNameRange registry:https://vivintsolar.artifactoryonline.com/vivintsolar/api/npm/npm-virtual/reflux not in flight; fetching
33 verbose request uri https://vivintsolar.artifactoryonline.com/vivintsolar/api/npm/npm-virtual/reflux
34 verbose request always-auth set; sending authorization
35 info attempt registry request try #1 at 9:12:51 AM
36 verbose request id 858775a4fa870fb1
37 http request GET https://vivintsolar.artifactoryonline.com/vivintsolar/api/npm/npm-virtual/reflux
38 http 200 https://vivintsolar.artifactoryonline.com/vivintsolar/api/npm/npm-virtual/reflux
39 silly get cb [ 200,
39 silly get   { 'content-type': 'application/json',
39 silly get     date: 'Sat, 25 Jul 2015 15:12:51 GMT',
39 silly get     etag: '0623b18673901f9418ed6a6fc2d4de0011ddd4a5',
39 silly get     server: 'nginx',
39 silly get     'x-artifactory-id': 'aolprod4-use-1d-vivintsolar',
39 silly get     'x-node': 'nginx1d.prod-use1',
39 silly get     'transfer-encoding': 'chunked',
39 silly get     connection: 'keep-alive' } ]
40 verbose get saving reflux to /Users/jamesblack/.npm/vivintsolar.artifactoryonline.com/vivintsolar/api/npm/npm-virtual/reflux/.cache.json
41 silly addNameRange number 2 { name: 'reflux', range: '*', hasData: true }
42 silly addNameRange versions [ 'reflux',
42 silly addNameRange   [ '0.1.5',
42 silly addNameRange     '0.2.4',
42 silly addNameRange     '0.1.6',
42 silly addNameRange     '0.2.5',
42 silly addNameRange     '0.0.4',
42 silly addNameRange     '0.1.3',
42 silly addNameRange     '0.2.2',
42 silly addNameRange     '0.1.4',
42 silly addNameRange     '0.2.3',
42 silly addNameRange     '0.1.9',
42 silly addNameRange     '0.2.8',
42 silly addNameRange     '0.2.9',
42 silly addNameRange     '0.1.7',
42 silly addNameRange     '0.2.6',
42 silly addNameRange     '0.1.8',
42 silly addNameRange     '0.2.7',
42 silly addNameRange     '0.0.2',
42 silly addNameRange     '0.1.1',
42 silly addNameRange     '0.2.0',
42 silly addNameRange     '0.0.3',
42 silly addNameRange     '0.1.2',
42 silly addNameRange     '0.2.1',
42 silly addNameRange     '0.0.1',
42 silly addNameRange     '0.1.0',
42 silly addNameRange     '0.2.10',
42 silly addNameRange     '0.2.11',
42 silly addNameRange     '0.1.15',
42 silly addNameRange     '0.1.14',
42 silly addNameRange     '0.1.13',
42 silly addNameRange     '0.1.12',
42 silly addNameRange     '0.1.11',
42 silly addNameRange     '0.1.10' ] ]
43 silly addNamed reflux@0.2.11
44 verbose addNamed "0.2.11" is a plain semver version for reflux
45 silly mapToRegistry name reflux
46 silly mapToRegistry using default registry
47 silly mapToRegistry registry https://vivintsolar.artifactoryonline.com/vivintsolar/api/npm/npm-virtual
48 silly mapToRegistry uri https://vivintsolar.artifactoryonline.com/vivintsolar/api/npm/npm-virtual/reflux
49 verbose addRemoteTarball https://vivintsolar.artifactoryonline.com/vivintsolar/api/npm/npm-virtual/reflux/-/reflux-0.2.11.tgz not in flight; adding
50 verbose addRemoteTarball [ 'https://vivintsolar.artifactoryonline.com/vivintsolar/api/npm/npm-virtual/reflux/-/reflux-0.2.11.tgz',
50 verbose addRemoteTarball   'c24e3be909ece1b2793e6a430cdf50c0a1bc0d78' ]
51 info retry fetch attempt 1 at 9:12:53 AM
52 info attempt registry request try #1 at 9:12:53 AM
53 http fetch GET https://vivintsolar.artifactoryonline.com/vivintsolar/api/npm/npm-virtual/reflux/-/reflux-0.2.11.tgz
54 http fetch 200 https://vivintsolar.artifactoryonline.com/vivintsolar/api/npm/npm-virtual/reflux/-/reflux-0.2.11.tgz
55 silly fetchAndShaCheck shasum c24e3be909ece1b2793e6a430cdf50c0a1bc0d78
56 verbose addTmpTarball /var/folders/84/dpx9q1g12ss_m3wvqy2m59th0000gn/T/npm-172-e45c0cea/vivintsolar.artifactoryonline.com/vivintsolar/api/npm/npm-virtual/reflux/-/reflux-0.2.11.tgz not in flight; adding
57 verbose addTmpTarball already have metadata; skipping unpack for reflux@0.2.11
58 silly cache afterAdd reflux@0.2.11
59 verbose afterAdd /Users/jamesblack/.npm/reflux/0.2.11/package/package.json not in flight; writing
60 verbose afterAdd /Users/jamesblack/.npm/reflux/0.2.11/package/package.json written
61 silly install resolved [ { name: 'reflux',
61 silly install resolved     description: 'A simple library for uni-directional dataflow application architecture inspired by ReactJS Flux',
61 silly install resolved     version: '0.2.11',
61 silly install resolved     author: { name: 'Mikael Brassman' },
61 silly install resolved     homepage: 'https://github.com/spoike/reflux#readme',
61 silly install resolved     repository:
61 silly install resolved      { type: 'git',
61 silly install resolved        url: 'git+ssh://git@github.com/spoike/reflux.git' },
61 silly install resolved     bugs: { url: 'https://github.com/spoike/reflux/issues' },
61 silly install resolved     main: 'index.js',
61 silly install resolved     dist:
61 silly install resolved      { tarball: 'http://vivintsolar.artifactoryonline.com/vivintsolar/api/npm/npm-virtual/reflux/-/reflux-0.2.11.tgz',
61 silly install resolved        shasum: 'c24e3be909ece1b2793e6a430cdf50c0a1bc0d78' },
61 silly install resolved     dependencies: { eventemitter3: '^1.1.1' },
61 silly install resolved     devDependencies:
61 silly install resolved      { benchmark: '^1.0.0',
61 silly install resolved        browserify: '~10.2.3',
61 silly install resolved        chai: '~3.0.0',
61 silly install resolved        'chai-as-promised': '^5.0.0',
61 silly install resolved        'es6-promise': '^2.3.0',
61 silly install resolved        grunt: '^0.4.5',
61 silly install resolved        'grunt-browserify': '3.8.0',
61 silly install resolved        'grunt-contrib-jshint': '^0.11.2',
61 silly install resolved        'grunt-contrib-uglify': '^0.5.0',
61 silly install resolved        'grunt-contrib-watch': '^0.6.1',
61 silly install resolved        'grunt-karma': '~0.11.0',
61 silly install resolved        'grunt-mocha-test': '~0.12.7',
61 silly install resolved        karma: '~0.12.36',
61 silly install resolved        'karma-browserify': '^4.2.1',
61 silly install resolved        'karma-commonjs': '0.0.13',
61 silly install resolved        'karma-mocha': '^0.1.9',
61 silly install resolved        'karma-phantomjs-launcher': '~0.2.0',
61 silly install resolved        'karma-sauce-launcher': '^0.2.10',
61 silly install resolved        'karma-spec-reporter': '^0.0.19',
61 silly install resolved        matchdep: '^0.3.0',
61 silly install resolved        mocha: '~2.2.5',
61 silly install resolved        q: '^1.0.1',
61 silly install resolved        sinon: '^1.10.3' },
61 silly install resolved     peerDependencies: { react: '>=0.12.2 <0.14.0' },
61 silly install resolved     keywords: [ 'react', 'flux' ],
61 silly install resolved     license: 'BSD-3-Clause',
61 silly install resolved     maintainers: [ [Object] ],
61 silly install resolved     directories: {},
61 silly install resolved     scripts:
61 silly install resolved      { test: 'grunt test',
61 silly install resolved        benchmark: 'node test/benchmarks',
61 silly install resolved        build: 'grunt build' },
61 silly install resolved     _from: 'reflux@*',
61 silly install resolved     _npmVersion: '2.11.1',
61 silly install resolved     _npmUser: { name: 'spoike', email: 'mishakun+npm@gmail.com' },
61 silly install resolved     _id: 'reflux@0.2.11',
61 silly install resolved     gitHead: '3accf3ff46ef9273b8c542b9e953f70927d2544b',
61 silly install resolved     _shasum: 'c24e3be909ece1b2793e6a430cdf50c0a1bc0d78',
61 silly install resolved     _nodeVersion: '0.10.12',
61 silly install resolved     _resolved: 'https://vivintsolar.artifactoryonline.com/vivintsolar/api/npm/npm-virtual/reflux/-/reflux-0.2.11.tgz' } ]
62 info install reflux@0.2.11 into /Users/jamesblack/src/emptyclipgaming/game
63 info installOne reflux@0.2.11
64 verbose installOne of reflux to /Users/jamesblack/src/emptyclipgaming/game not in flight; installing
65 verbose lock using /Users/jamesblack/.npm/_locks/reflux-19dd362432d118ac.lock for /Users/jamesblack/src/emptyclipgaming/game/node_modules/reflux
66 silly install write writing reflux 0.2.11 to /Users/jamesblack/src/emptyclipgaming/game/node_modules/reflux
67 verbose unbuild node_modules/reflux
68 silly gentlyRm /Users/jamesblack/src/emptyclipgaming/game/node_modules/reflux is being purged from base /Users/jamesblack/src/emptyclipgaming/game
69 verbose gentlyRm don't care about contents; nuking /Users/jamesblack/src/emptyclipgaming/game/node_modules/reflux
70 verbose tar unpack /Users/jamesblack/.npm/reflux/0.2.11/package.tgz
71 verbose tar unpacking to /Users/jamesblack/src/emptyclipgaming/game/node_modules/reflux
72 silly gentlyRm /Users/jamesblack/src/emptyclipgaming/game/node_modules/reflux is being purged
73 verbose gentlyRm don't care about contents; nuking /Users/jamesblack/src/emptyclipgaming/game/node_modules/reflux
74 silly gunzTarPerm modes [ '755', '644' ]
75 silly gunzTarPerm extractEntry package.json
76 silly gunzTarPerm extractEntry .npmignore
77 silly gunzTarPerm extractEntry README.md
78 silly gunzTarPerm extractEntry Gruntfile.js
79 silly gunzTarPerm extractEntry index.js
80 silly gunzTarPerm extractEntry karma.conf.js
81 silly gunzTarPerm extractEntry CHANGELOG.md
82 silly gunzTarPerm extractEntry LICENSE.md
83 silly gunzTarPerm extractEntry .editorconfig
84 silly gunzTarPerm extractEntry bower.json
85 silly gunzTarPerm extractEntry dist/reflux.js
86 silly gunzTarPerm extractEntry dist/reflux.min.js
87 silly gunzTarPerm extractEntry .jshintrc
88 silly gunzTarPerm extractEntry .travis.yml
89 silly gunzTarPerm extractEntry src/ActionMethods.js
90 silly gunzTarPerm extractEntry src/StoreMethods.js
91 silly gunzTarPerm extractEntry src/bindMethods.js
92 silly gunzTarPerm extractEntry src/connect.js
93 silly gunzTarPerm extractEntry src/PublisherMethods.js
94 silly gunzTarPerm extractEntry src/createAction.js
95 silly gunzTarPerm extractEntry src/createStore.js
96 silly gunzTarPerm extractEntry src/index.js
97 silly gunzTarPerm extractEntry src/joins.js
98 silly gunzTarPerm extractEntry src/listenTo.js
99 silly gunzTarPerm extractEntry src/ListenerMixin.js
100 silly gunzTarPerm extractEntry src/listenToMany.js
101 silly gunzTarPerm extractEntry src/ListenerMethods.js
102 silly gunzTarPerm extractEntry src/mixer.js
103 silly gunzTarPerm extractEntry src/Keep.js
104 silly gunzTarPerm extractEntry src/utils.js
105 silly gunzTarPerm extractEntry src/connectFilter.js
106 verbose write writing to /Users/jamesblack/src/emptyclipgaming/game/node_modules/reflux/package.json
107 info preinstall reflux@0.2.11
108 verbose readDependencies loading dependencies from /Users/jamesblack/src/emptyclipgaming/game/node_modules/reflux/package.json
109 silly prepareForInstallMany adding eventemitter3@^1.1.1 from reflux dependencies
110 verbose readDependencies loading dependencies from /Users/jamesblack/src/emptyclipgaming/game/node_modules/reflux/package.json
111 silly cache add args [ 'eventemitter3@^1.1.1', null ]
112 verbose cache add spec eventemitter3@^1.1.1
113 silly cache add parsed spec { raw: 'eventemitter3@^1.1.1',
113 silly cache add   scope: null,
113 silly cache add   name: 'eventemitter3',
113 silly cache add   rawSpec: '^1.1.1',
113 silly cache add   spec: '>=1.1.1 <2.0.0',
113 silly cache add   type: 'range' }
114 silly addNamed eventemitter3@>=1.1.1 <2.0.0
115 verbose addNamed ">=1.1.1 <2.0.0" is a valid semver range for eventemitter3
116 silly addNameRange { name: 'eventemitter3',
116 silly addNameRange   range: '>=1.1.1 <2.0.0',
116 silly addNameRange   hasData: false }
117 silly mapToRegistry name eventemitter3
118 silly mapToRegistry using default registry
119 silly mapToRegistry registry https://vivintsolar.artifactoryonline.com/vivintsolar/api/npm/npm-virtual
120 silly mapToRegistry uri https://vivintsolar.artifactoryonline.com/vivintsolar/api/npm/npm-virtual/eventemitter3
121 verbose addNameRange registry:https://vivintsolar.artifactoryonline.com/vivintsolar/api/npm/npm-virtual/eventemitter3 not in flight; fetching
122 verbose request uri https://vivintsolar.artifactoryonline.com/vivintsolar/api/npm/npm-virtual/eventemitter3
123 verbose request always-auth set; sending authorization
124 info attempt registry request try #1 at 9:12:53 AM
125 http request GET https://vivintsolar.artifactoryonline.com/vivintsolar/api/npm/npm-virtual/eventemitter3
126 http 200 https://vivintsolar.artifactoryonline.com/vivintsolar/api/npm/npm-virtual/eventemitter3
127 silly get cb [ 200,
127 silly get   { 'content-type': 'application/json',
127 silly get     date: 'Sat, 25 Jul 2015 15:12:52 GMT',
127 silly get     etag: 'dd25a1b2f5ef024d7a9df983db5cc821aff841fb',
127 silly get     server: 'nginx',
127 silly get     'x-artifactory-id': 'aolprod4-use-1d-vivintsolar',
127 silly get     'x-node': 'nginx1d.prod-use1',
127 silly get     'transfer-encoding': 'chunked',
127 silly get     connection: 'keep-alive' } ]
128 verbose get saving eventemitter3 to /Users/jamesblack/.npm/vivintsolar.artifactoryonline.com/vivintsolar/api/npm/npm-virtual/eventemitter3/.cache.json
129 silly addNameRange number 2 { name: 'eventemitter3', range: '>=1.1.1 <2.0.0', hasData: true }
130 silly addNameRange versions [ 'eventemitter3',
130 silly addNameRange   [ '0.1.5',
130 silly addNameRange     '0.1.6',
130 silly addNameRange     '0.1.3',
130 silly addNameRange     '0.1.4',
130 silly addNameRange     '0.1.1',
130 silly addNameRange     '0.1.2',
130 silly addNameRange     '0.0.0',
130 silly addNameRange     '0.0.1',
130 silly addNameRange     '0.1.0',
130 silly addNameRange     '1.0.3',
130 silly addNameRange     '1.0.0',
130 silly addNameRange     '1.0.1',
130 silly addNameRange     '1.1.0',
130 silly addNameRange     '1.0.2',
130 silly addNameRange     '1.1.1' ] ]
131 silly addNamed eventemitter3@1.1.1
132 verbose addNamed "1.1.1" is a plain semver version for eventemitter3
133 silly mapToRegistry name eventemitter3
134 silly mapToRegistry using default registry
135 silly mapToRegistry registry https://vivintsolar.artifactoryonline.com/vivintsolar/api/npm/npm-virtual
136 silly mapToRegistry uri https://vivintsolar.artifactoryonline.com/vivintsolar/api/npm/npm-virtual/eventemitter3
137 verbose addRemoteTarball https://vivintsolar.artifactoryonline.com/vivintsolar/api/npm/npm-virtual/eventemitter3/-/eventemitter3-1.1.1.tgz not in flight; adding
138 verbose addRemoteTarball [ 'https://vivintsolar.artifactoryonline.com/vivintsolar/api/npm/npm-virtual/eventemitter3/-/eventemitter3-1.1.1.tgz',
138 verbose addRemoteTarball   '47786bdaa087caf7b1b75e73abc5c7d540158cd0' ]
139 info retry fetch attempt 1 at 9:12:54 AM
140 info attempt registry request try #1 at 9:12:54 AM
141 http fetch GET https://vivintsolar.artifactoryonline.com/vivintsolar/api/npm/npm-virtual/eventemitter3/-/eventemitter3-1.1.1.tgz
142 http fetch 200 https://vivintsolar.artifactoryonline.com/vivintsolar/api/npm/npm-virtual/eventemitter3/-/eventemitter3-1.1.1.tgz
143 silly fetchAndShaCheck shasum 47786bdaa087caf7b1b75e73abc5c7d540158cd0
144 verbose addTmpTarball /var/folders/84/dpx9q1g12ss_m3wvqy2m59th0000gn/T/npm-172-e45c0cea/vivintsolar.artifactoryonline.com/vivintsolar/api/npm/npm-virtual/eventemitter3/-/eventemitter3-1.1.1.tgz not in flight; adding
145 verbose addTmpTarball already have metadata; skipping unpack for eventemitter3@1.1.1
146 silly cache afterAdd eventemitter3@1.1.1
147 verbose afterAdd /Users/jamesblack/.npm/eventemitter3/1.1.1/package/package.json not in flight; writing
148 verbose afterAdd /Users/jamesblack/.npm/eventemitter3/1.1.1/package/package.json written
149 silly install resolved [ { name: 'eventemitter3',
149 silly install resolved     description: 'EventEmitter3 focuses on performance while maintaining a Node.js AND browser compatible interface.',
149 silly install resolved     version: '1.1.1',
149 silly install resolved     author: { name: 'Arnout Kazemier' },
149 silly install resolved     homepage: 'https://github.com/primus/eventemitter3#readme',
149 silly install resolved     repository:
149 silly install resolved      { type: 'git',
149 silly install resolved        url: 'git://github.com/primus/eventemitter3.git' },
149 silly install resolved     bugs: { url: 'https://github.com/primus/eventemitter3/issues' },
149 silly install resolved     main: 'index.js',
149 silly install resolved     dist:
149 silly install resolved      { tarball: 'http://vivintsolar.artifactoryonline.com/vivintsolar/api/npm/npm-virtual/eventemitter3/-/eventemitter3-1.1.1.tgz',
149 silly install resolved        shasum: '47786bdaa087caf7b1b75e73abc5c7d540158cd0' },
149 silly install resolved     devDependencies:
149 silly install resolved      { assume: '1.2.x',
149 silly install resolved        istanbul: '0.3.x',
149 silly install resolved        mocha: '2.2.x',
149 silly install resolved        'pre-commit': '1.0.x',
149 silly install resolved        zuul: '3.0.x' },
149 silly install resolved     keywords:
149 silly install resolved      [ 'EventEmitter',
149 silly install resolved        'EventEmitter2',
149 silly install resolved        'EventEmitter3',
149 silly install resolved        'Events',
149 silly install resolved        'addEventListener',
149 silly install resolved        'addListener',
149 silly install resolved        'emit',
149 silly install resolved        'emits',
149 silly install resolved        'emitter',
149 silly install resolved        'event',
149 silly install resolved        'once',
149 silly install resolved        'pub/sub',
149 silly install resolved        'publish',
149 silly install resolved        'reactor',
149 silly install resolved        'subscribe' ],
149 silly install resolved     license: 'MIT',
149 silly install resolved     maintainers: [ [Object], [Object], [Object] ],
149 silly install resolved     directories: {},
149 silly install resolved     scripts:
149 silly install resolved      { 'test-browser': 'zuul --browser-name ${BROWSER_NAME} --browser-version ${BROWSER_VERSION} -- test.js',
149 silly install resolved        'test-node': 'istanbul cover node_modules/.bin/_mocha --report lcovonly -- test.js',
149 silly install resolved        coverage: 'istanbul cover ./node_modules/.bin/_mocha -- test.js',
149 silly install resolved        sync: 'node versions.js',
149 silly install resolved        test: 'mocha test.js' },
149 silly install resolved     _from: 'eventemitter3@>=1.1.1 <2.0.0',
149 silly install resolved     _npmVersion: '2.9.1',
149 silly install resolved     _npmUser: { name: '3rdeden', email: 'npm@3rd-Eden.com' },
149 silly install resolved     _id: 'eventemitter3@1.1.1',
149 silly install resolved     gitHead: '91f571f40c918d71220747791c05ec33f3402a56',
149 silly install resolved     'pre-commit': 'sync, test',
149 silly install resolved     _shasum: '47786bdaa087caf7b1b75e73abc5c7d540158cd0',
149 silly install resolved     _nodeVersion: '0.12.3',
149 silly install resolved     _resolved: 'https://vivintsolar.artifactoryonline.com/vivintsolar/api/npm/npm-virtual/eventemitter3/-/eventemitter3-1.1.1.tgz' } ]
150 info install eventemitter3@1.1.1 into /Users/jamesblack/src/emptyclipgaming/game/node_modules/reflux
151 info installOne eventemitter3@1.1.1
152 verbose installOne of eventemitter3 to /Users/jamesblack/src/emptyclipgaming/game/node_modules/reflux not in flight; installing
153 verbose lock using /Users/jamesblack/.npm/_locks/eventemitter3-14efd2bfc3d7d8c0.lock for /Users/jamesblack/src/emptyclipgaming/game/node_modules/reflux/node_modules/eventemitter3
154 silly install write writing eventemitter3 1.1.1 to /Users/jamesblack/src/emptyclipgaming/game/node_modules/reflux/node_modules/eventemitter3
155 verbose unbuild node_modules/reflux/node_modules/eventemitter3
156 silly gentlyRm /Users/jamesblack/src/emptyclipgaming/game/node_modules/reflux/node_modules/eventemitter3 is being purged from base /Users/jamesblack/src/emptyclipgaming/game
157 verbose gentlyRm don't care about contents; nuking /Users/jamesblack/src/emptyclipgaming/game/node_modules/reflux/node_modules/eventemitter3
158 verbose tar unpack /Users/jamesblack/.npm/eventemitter3/1.1.1/package.tgz
159 verbose tar unpacking to /Users/jamesblack/src/emptyclipgaming/game/node_modules/reflux/node_modules/eventemitter3
160 silly gentlyRm /Users/jamesblack/src/emptyclipgaming/game/node_modules/reflux/node_modules/eventemitter3 is being purged
161 verbose gentlyRm don't care about contents; nuking /Users/jamesblack/src/emptyclipgaming/game/node_modules/reflux/node_modules/eventemitter3
162 silly gunzTarPerm modes [ '755', '644' ]
163 silly gunzTarPerm extractEntry package.json
164 silly gunzTarPerm extractEntry README.md
165 silly gunzTarPerm extractEntry LICENSE
166 silly gunzTarPerm extractEntry index.js
167 verbose write writing to /Users/jamesblack/src/emptyclipgaming/game/node_modules/reflux/node_modules/eventemitter3/package.json
168 info preinstall eventemitter3@1.1.1
169 verbose readDependencies loading dependencies from /Users/jamesblack/src/emptyclipgaming/game/node_modules/reflux/node_modules/eventemitter3/package.json
170 verbose readDependencies loading dependencies from /Users/jamesblack/src/emptyclipgaming/game/node_modules/reflux/node_modules/eventemitter3/package.json
171 silly install resolved []
172 verbose about to build /Users/jamesblack/src/emptyclipgaming/game/node_modules/reflux/node_modules/eventemitter3
173 info build /Users/jamesblack/src/emptyclipgaming/game/node_modules/reflux/node_modules/eventemitter3
174 info linkStuff eventemitter3@1.1.1
175 silly linkStuff eventemitter3@1.1.1 has /Users/jamesblack/src/emptyclipgaming/game/node_modules/reflux/node_modules as its parent node_modules
176 verbose linkBins eventemitter3@1.1.1
177 verbose linkMans eventemitter3@1.1.1
178 verbose rebuildBundles eventemitter3@1.1.1
179 info install eventemitter3@1.1.1
180 info postinstall eventemitter3@1.1.1
181 verbose unlock done using /Users/jamesblack/.npm/_locks/eventemitter3-14efd2bfc3d7d8c0.lock for /Users/jamesblack/src/emptyclipgaming/game/node_modules/reflux/node_modules/eventemitter3
182 verbose about to build /Users/jamesblack/src/emptyclipgaming/game/node_modules/reflux
183 info build /Users/jamesblack/src/emptyclipgaming/game/node_modules/reflux
184 info linkStuff reflux@0.2.11
185 silly linkStuff reflux@0.2.11 has /Users/jamesblack/src/emptyclipgaming/game/node_modules as its parent node_modules
186 verbose linkBins reflux@0.2.11
187 verbose linkMans reflux@0.2.11
188 verbose rebuildBundles reflux@0.2.11
189 verbose rebuildBundles [ 'eventemitter3' ]
190 info install reflux@0.2.11
191 info postinstall reflux@0.2.11
192 verbose unlock done using /Users/jamesblack/.npm/_locks/reflux-19dd362432d118ac.lock for /Users/jamesblack/src/emptyclipgaming/game/node_modules/reflux
193 verbose validateInstall loading /Users/jamesblack/src/emptyclipgaming/game/package.json for validation
194 verbose stack Error: The package eslint does not satisfy its siblings' peerDependencies requirements!
194 verbose stack     at /Users/jamesblack/.nvm/versions/node/v0.12.7/lib/node_modules/npm/lib/install.js:125:32
194 verbose stack     at /Users/jamesblack/.nvm/versions/node/v0.12.7/lib/node_modules/npm/lib/install.js:267:7
194 verbose stack     at /Users/jamesblack/.nvm/versions/node/v0.12.7/lib/node_modules/npm/node_modules/read-installed/read-installed.js:138:5
194 verbose stack     at /Users/jamesblack/.nvm/versions/node/v0.12.7/lib/node_modules/npm/node_modules/read-installed/read-installed.js:251:14
194 verbose stack     at cb (/Users/jamesblack/.nvm/versions/node/v0.12.7/lib/node_modules/npm/node_modules/slide/lib/async-map.js:47:24)
194 verbose stack     at /Users/jamesblack/.nvm/versions/node/v0.12.7/lib/node_modules/npm/node_modules/read-installed/read-installed.js:251:14
194 verbose stack     at cb (/Users/jamesblack/.nvm/versions/node/v0.12.7/lib/node_modules/npm/node_modules/slide/lib/async-map.js:47:24)
194 verbose stack     at /Users/jamesblack/.nvm/versions/node/v0.12.7/lib/node_modules/npm/node_modules/read-installed/read-installed.js:251:14
194 verbose stack     at cb (/Users/jamesblack/.nvm/versions/node/v0.12.7/lib/node_modules/npm/node_modules/slide/lib/async-map.js:47:24)
194 verbose stack     at /Users/jamesblack/.nvm/versions/node/v0.12.7/lib/node_modules/npm/node_modules/read-installed/read-installed.js:251:14
195 verbose cwd /Users/jamesblack/src/emptyclipgaming/game
196 error Darwin 14.3.0
197 error argv "/Users/jamesblack/.nvm/versions/node/v0.12.7/bin/node" "/Users/jamesblack/.nvm/versions/node/v0.12.7/bin/npm" "install" "--save" "reflux"
198 error node v0.12.7
199 error npm  v2.11.3
200 error code EPEERINVALID
201 error peerinvalid The package eslint does not satisfy its siblings' peerDependencies requirements!
201 error peerinvalid Peer eslint-plugin-react@3.0.0 wants eslint@>=0.8.0 || ~1.0.0-rc-0
202 verbose exit [ 1, true ]
